2019-07-19 19:37:49,711 - INFO:
Запущен клиент с парамертами: адрес сервера: 127.0.0.1, порт: 8888, имя пользователя: ya

2019-07-19 19:37:50,215 - INFO:
Установлено соединение с сервером. Ответ сервера: 200 : OK

2019-07-19 19:37:58,503 - INFO:
Запущен клиент с парамертами: адрес сервера: 127.0.0.1, порт: 8888, имя пользователя: on

2019-07-19 19:37:59,009 - INFO:
Установлено соединение с сервером. Ответ сервера: 200 : OK

2019-07-19 19:38:11,980 - INFO:
Отправлено сообщение для пользователя ya

2019-07-19 19:38:12,099 - INFO:
Получено сообщение от пользователя on:
hi man

2019-07-19 19:38:22,388 - INFO:
Отправлено сообщение для пользователя on

2019-07-19 19:38:22,675 - INFO:
Получено сообщение от пользователя ya:
oh, hello!:)

2019-07-19 19:38:54,219 - INFO:
Отправлено сообщение для пользователя on

2019-07-19 19:38:54,387 - INFO:
Получено сообщение от пользователя ya:
jiij

2019-07-19 19:38:58,290 - INFO:
Отправлено сообщение для пользователя on

2019-07-19 19:38:58,407 - INFO:
Получено сообщение от пользователя ya:
koko

2019-07-19 19:39:01,410 - INFO:
Отправлено сообщение для пользователя ya

2019-07-19 19:39:01,428 - INFO:
Получено сообщение от пользователя on:
lolo

2019-07-19 19:39:10,236 - INFO:
Завершение работы по команде пользователя.

2019-07-19 19:39:25,691 - INFO:
Завершение работы по команде пользователя.

2019-07-20 20:28:36,949 - INFO:
Запущен клиент с парамертами: адрес сервера: 127.0.0.1, порт: 8888, имя пользователя: ya

2019-07-20 20:28:36,951 - INFO:
	Function: create_presence;
	Args: (<base_classes.BaseClient object at 0x10fb6d6d8>, 'ya');
	Result: {'action': 'presence', 'time': '20:28:36', 'user': {'account_name': 'ya'}}

2019-07-20 20:28:37,452 - INFO:
	Function: process_response_answer;
	Args: ({'response': 200},);
	Result: 200 : OK

2019-07-20 20:28:37,452 - INFO:
Установлено соединение с сервером. Ответ сервера: 200 : OK

2019-07-20 20:28:43,541 - INFO:
Запущен клиент с парамертами: адрес сервера: 127.0.0.1, порт: 8888, имя пользователя: on

2019-07-20 20:28:43,543 - INFO:
	Function: create_presence;
	Args: (<base_classes.BaseClient object at 0x1074046d8>, 'on');
	Result: {'action': 'presence', 'time': '20:28:43', 'user': {'account_name': 'on'}}

2019-07-20 20:28:44,047 - INFO:
	Function: process_response_answer;
	Args: ({'response': 200},);
	Result: 200 : OK

2019-07-20 20:28:44,048 - INFO:
Установлено соединение с сервером. Ответ сервера: 200 : OK

2019-07-20 20:28:47,005 - INFO:
Отправлено сообщение для пользователя ya

2019-07-20 20:28:47,005 - INFO:
	Function: create_message;
	Args: (<base_classes.BaseClient object at 0x1074046d8>, <socket.socket fd=5, family=AddressFamily.AF_INET, type=SocketKind.SOCK_STREAM, proto=0, laddr=('127.0.0.1', 50158), raddr=('127.0.0.1', 8888)>, 'on', 'ya', 'hi');


2019-07-20 20:28:47,068 - INFO:
Получено сообщение от пользователя on:
hi

2019-07-20 20:28:51,141 - INFO:
Отправлено сообщение для пользователя on

2019-07-20 20:28:51,141 - INFO:
	Function: create_message;
	Args: (<base_classes.BaseClient object at 0x10fb6d6d8>, <socket.socket fd=5, family=AddressFamily.AF_INET, type=SocketKind.SOCK_STREAM, proto=0, laddr=('127.0.0.1', 50154), raddr=('127.0.0.1', 8888)>, 'ya', 'on', 'hello');


2019-07-20 20:28:51,588 - INFO:
Получено сообщение от пользователя ya:
hello

2019-07-20 20:29:31,503 - INFO:
	Function: __create_exit_message;
	Args: (<base_classes.BaseClient object at 0x10fb6d6d8>, 'ya');
	Result: {'action': 'exit', 'time': '20:29:31', 'account_name': 'ya'}

2019-07-20 20:29:31,503 - INFO:
Завершение работы по команде пользователя.

2019-07-20 20:29:32,004 - INFO:
	Function: user_interactive;
	Args: (<base_classes.BaseClient object at 0x10fb6d6d8>, <socket.socket fd=5, family=AddressFamily.AF_INET, type=SocketKind.SOCK_STREAM, proto=0, laddr=('127.0.0.1', 50154), raddr=('127.0.0.1', 8888)>, 'ya', 'on');


2019-07-20 20:29:37,215 - INFO:
	Function: __create_exit_message;
	Args: (<base_classes.BaseClient object at 0x1074046d8>, 'on');
	Result: {'action': 'exit', 'time': '20:29:37', 'account_name': 'on'}

2019-07-20 20:29:37,215 - INFO:
Завершение работы по команде пользователя.

2019-07-20 20:29:37,717 - INFO:
	Function: user_interactive;
	Args: (<base_classes.BaseClient object at 0x1074046d8>, <socket.socket fd=5, family=AddressFamily.AF_INET, type=SocketKind.SOCK_STREAM, proto=0, laddr=('127.0.0.1', 50158), raddr=('127.0.0.1', 8888)>, 'on', 'ya');


2019-07-20 21:00:33,416 - INFO:
Запущен клиент с парамертами: адрес сервера: 127.0.0.1, порт: 8888, имя пользователя: ya

2019-07-20 21:00:33,417 - INFO:
	Function: create_presence;
	Args: (<base_classes.BaseClient object at 0x103fca6d8>, 'ya');
	Result: {'action': 'presence', 'time': '21:00:33', 'user': {'account_name': 'ya'}}

2019-07-20 21:00:33,918 - INFO:
	Function: process_response_answer;
	Args: ({'response': 200},);
	Result: 200 : OK

2019-07-20 21:00:33,918 - INFO:
Установлено соединение с сервером. Ответ сервера: 200 : OK

2019-07-20 21:00:38,968 - INFO:
Запущен клиент с парамертами: адрес сервера: 127.0.0.1, порт: 8888, имя пользователя: on

2019-07-20 21:00:38,968 - INFO:
	Function: create_presence;
	Args: (<base_classes.BaseClient object at 0x103d4c6d8>, 'on');
	Result: {'action': 'presence', 'time': '21:00:38', 'user': {'account_name': 'on'}}

2019-07-20 21:00:39,471 - INFO:
	Function: process_response_answer;
	Args: ({'response': 200},);
	Result: 200 : OK

2019-07-20 21:00:39,471 - INFO:
Установлено соединение с сервером. Ответ сервера: 200 : OK

2019-07-20 21:00:42,144 - INFO:
Отправлено сообщение для пользователя ya

2019-07-20 21:00:42,144 - INFO:
	Function: create_message;
	Args: (<base_classes.BaseClient object at 0x103d4c6d8>, <socket.socket fd=5, family=AddressFamily.AF_INET, type=SocketKind.SOCK_STREAM, proto=0, laddr=('127.0.0.1', 50527), raddr=('127.0.0.1', 8888)>, 'on', 'ya', 'hi');


2019-07-20 21:00:42,476 - INFO:
Получено сообщение от пользователя on:
hi

2019-07-20 21:00:47,008 - INFO:
Отправлено сообщение для пользователя on

2019-07-20 21:00:47,008 - INFO:
	Function: create_message;
	Args: (<base_classes.BaseClient object at 0x103fca6d8>, <socket.socket fd=5, family=AddressFamily.AF_INET, type=SocketKind.SOCK_STREAM, proto=0, laddr=('127.0.0.1', 50526), raddr=('127.0.0.1', 8888)>, 'ya', 'on', 'hello');


2019-07-20 21:00:47,483 - INFO:
Получено сообщение от пользователя ya:
hello

2019-07-20 21:00:58,351 - INFO:
	Function: __create_exit_message;
	Args: (<base_classes.BaseClient object at 0x103fca6d8>, 'ya');
	Result: {'action': 'exit', 'time': '21:00:58', 'account_name': 'ya'}

2019-07-20 21:00:58,351 - INFO:
Завершение работы по команде пользователя.

2019-07-20 21:00:58,853 - INFO:
	Function: user_interactive;
	Args: (<base_classes.BaseClient object at 0x103fca6d8>, <socket.socket fd=5, family=AddressFamily.AF_INET, type=SocketKind.SOCK_STREAM, proto=0, laddr=('127.0.0.1', 50526), raddr=('127.0.0.1', 8888)>, 'ya', 'on');


2019-07-20 21:01:03,375 - INFO:
	Function: __create_exit_message;
	Args: (<base_classes.BaseClient object at 0x103d4c6d8>, 'on');
	Result: {'action': 'exit', 'time': '21:01:03', 'account_name': 'on'}

2019-07-20 21:01:03,375 - INFO:
Завершение работы по команде пользователя.

2019-07-20 21:01:03,879 - INFO:
	Function: user_interactive;
	Args: (<base_classes.BaseClient object at 0x103d4c6d8>, <socket.socket fd=5, family=AddressFamily.AF_INET, type=SocketKind.SOCK_STREAM, proto=0, laddr=('127.0.0.1', 50527), raddr=('127.0.0.1', 8888)>, 'on', 'ya');


2019-07-23 15:06:10,142 - INFO:
Запущен клиент с парамертами: адрес сервера: 127.0.0.1, порт: 8888, имя пользователя: ya

2019-07-23 15:06:10,144 - INFO:
	Function: __create_presence;
	Args: (<base_classes.BaseClient object at 0x107175668>, 'ya');
	Result: {'action': 'presence', 'time': '15:06:10', 'user': {'account_name': 'ya'}}

2019-07-23 15:06:10,646 - INFO:
	Function: __process_response_answer;
	Args: ({'response': 200},);
	Result: 200 : OK

2019-07-23 15:06:10,647 - INFO:
Установлено соединение с сервером. Ответ сервера: 200 : OK

2019-07-23 15:06:16,446 - INFO:
Запущен клиент с парамертами: адрес сервера: 127.0.0.1, порт: 8888, имя пользователя: on

2019-07-23 15:06:16,447 - INFO:
	Function: __create_presence;
	Args: (<base_classes.BaseClient object at 0x10e3bc668>, 'on');
	Result: {'action': 'presence', 'time': '15:06:16', 'user': {'account_name': 'on'}}

2019-07-23 15:06:16,952 - INFO:
	Function: __process_response_answer;
	Args: ({'response': 200},);
	Result: 200 : OK

2019-07-23 15:06:16,952 - INFO:
Установлено соединение с сервером. Ответ сервера: 200 : OK

2019-07-23 15:06:20,622 - INFO:
Отправлено сообщение для пользователя ya

2019-07-23 15:06:20,622 - INFO:
	Function: __create_message;
	Args: (<base_classes.BaseClient object at 0x10e3bc668>, <socket.socket fd=5, family=AddressFamily.AF_INET, type=SocketKind.SOCK_STREAM, proto=0, laddr=('127.0.0.1', 52929), raddr=('127.0.0.1', 8888)>, 'on', 'ya', 'hi');


2019-07-23 15:06:20,971 - INFO:
Получено сообщение от пользователя on:
hi

2019-07-23 15:06:25,206 - INFO:
Отправлено сообщение для пользователя on

2019-07-23 15:06:25,208 - INFO:
	Function: __create_message;
	Args: (<base_classes.BaseClient object at 0x107175668>, <socket.socket fd=5, family=AddressFamily.AF_INET, type=SocketKind.SOCK_STREAM, proto=0, laddr=('127.0.0.1', 52928), raddr=('127.0.0.1', 8888)>, 'ya', 'on', 'hello');


2019-07-23 15:06:25,500 - INFO:
Получено сообщение от пользователя ya:
hello

2019-07-23 15:06:32,941 - INFO:
	Function: __create_exit_message;
	Args: (<base_classes.BaseClient object at 0x107175668>, 'ya');
	Result: {'action': 'exit', 'time': '15:06:32', 'account_name': 'ya'}

2019-07-23 15:06:32,942 - INFO:
Завершение работы по команде пользователя.

2019-07-23 15:06:33,444 - INFO:
	Function: __user_interactive;
	Args: (<base_classes.BaseClient object at 0x107175668>, <socket.socket fd=5, family=AddressFamily.AF_INET, type=SocketKind.SOCK_STREAM, proto=0, laddr=('127.0.0.1', 52928), raddr=('127.0.0.1', 8888)>, 'ya', 'on');


2019-07-23 15:06:38,197 - INFO:
	Function: __create_exit_message;
	Args: (<base_classes.BaseClient object at 0x10e3bc668>, 'on');
	Result: {'action': 'exit', 'time': '15:06:38', 'account_name': 'on'}

2019-07-23 15:06:38,198 - INFO:
Завершение работы по команде пользователя.

2019-07-23 15:06:38,700 - INFO:
	Function: __user_interactive;
	Args: (<base_classes.BaseClient object at 0x10e3bc668>, <socket.socket fd=5, family=AddressFamily.AF_INET, type=SocketKind.SOCK_STREAM, proto=0, laddr=('127.0.0.1', 52929), raddr=('127.0.0.1', 8888)>, 'on', 'ya');


